{"/Users/itaiharpaz/Code/new_app/src/app.ts": {"path":"/Users/itaiharpaz/Code/new_app/src/app.ts","statementMap":{"0":{"start":{"line":1,"column":0},"end":{"line":1,"column":30}},"1":{"start":{"line":2,"column":0},"end":{"line":2,"column":24}},"2":{"start":{"line":3,"column":0},"end":{"line":3,"column":37}},"3":{"start":{"line":4,"column":0},"end":{"line":4,"column":53}},"4":{"start":{"line":6,"column":12},"end":{"line":6,"column":21}},"5":{"start":{"line":8,"column":0},"end":{"line":8,"column":16}},"6":{"start":{"line":9,"column":0},"end":{"line":9,"column":27}},"7":{"start":{"line":11,"column":0},"end":{"line":11,"column":41}},"8":{"start":{"line":13,"column":0},"end":{"line":15,"column":3}},"9":{"start":{"line":14,"column":2},"end":{"line":14,"column":41}},"10":{"start":{"line":17,"column":0},"end":{"line":17,"column":19}}},"fnMap":{"0":{"name":"(anonymous_1)","decl":{"start":{"line":13,"column":19},"end":{"line":13,"column":20}},"loc":{"start":{"line":13,"column":32},"end":{"line":15,"column":1}}}},"branchMap":{},"s":{"0":1,"1":1,"2":1,"3":1,"4":1,"5":1,"6":1,"7":1,"8":1,"9":1,"10":1},"f":{"0":1},"b":{}}
,"/Users/itaiharpaz/Code/new_app/src/controllers/backtestController.ts": {"path":"/Users/itaiharpaz/Code/new_app/src/controllers/backtestController.ts","statementMap":{"0":{"start":{"line":2,"column":0},"end":{"line":2,"column":46}},"1":{"start":{"line":3,"column":0},"end":{"line":3,"column":49}},"2":{"start":{"line":6,"column":31},"end":{"line":44,"column":1}},"3":{"start":{"line":7,"column":2},"end":{"line":43,"column":3}},"4":{"start":{"line":8,"column":49},"end":{"line":8,"column":57}},"5":{"start":{"line":11,"column":4},"end":{"line":17,"column":5}},"6":{"start":{"line":12,"column":8},"end":{"line":16,"column":9}},"7":{"start":{"line":13,"column":12},"end":{"line":13,"column":38}},"8":{"start":{"line":15,"column":12},"end":{"line":15,"column":75}},"9":{"start":{"line":19,"column":4},"end":{"line":21,"column":5}},"10":{"start":{"line":20,"column":8},"end":{"line":20,"column":36}},"11":{"start":{"line":23,"column":4},"end":{"line":25,"column":5}},"12":{"start":{"line":24,"column":6},"end":{"line":24,"column":87}},"13":{"start":{"line":27,"column":4},"end":{"line":29,"column":5}},"14":{"start":{"line":28,"column":8},"end":{"line":28,"column":90}},"15":{"start":{"line":31,"column":20},"end":{"line":31,"column":47}},"16":{"start":{"line":32,"column":4},"end":{"line":34,"column":5}},"17":{"start":{"line":33,"column":8},"end":{"line":33,"column":76}},"18":{"start":{"line":37,"column":19},"end":{"line":37,"column":86}},"19":{"start":{"line":39,"column":4},"end":{"line":39,"column":21}},"20":{"start":{"line":41,"column":4},"end":{"line":41,"column":44}},"21":{"start":{"line":42,"column":4},"end":{"line":42,"column":78}},"22":{"start":{"line":6,"column":13},"end":{"line":6,"column":31}}},"fnMap":{"0":{"name":"(anonymous_0)","decl":{"start":{"line":6,"column":31},"end":{"line":6,"column":36}},"loc":{"start":{"line":6,"column":69},"end":{"line":44,"column":1}}}},"branchMap":{"0":{"loc":{"start":{"line":11,"column":4},"end":{"line":17,"column":5}},"type":"if","locations":[{"start":{"line":11,"column":4},"end":{"line":17,"column":5}},{"start":{},"end":{}}]},"1":{"loc":{"start":{"line":19,"column":4},"end":{"line":21,"column":5}},"type":"if","locations":[{"start":{"line":19,"column":4},"end":{"line":21,"column":5}},{"start":{},"end":{}}]},"2":{"loc":{"start":{"line":23,"column":4},"end":{"line":25,"column":5}},"type":"if","locations":[{"start":{"line":23,"column":4},"end":{"line":25,"column":5}},{"start":{},"end":{}}]},"3":{"loc":{"start":{"line":27,"column":4},"end":{"line":29,"column":5}},"type":"if","locations":[{"start":{"line":27,"column":4},"end":{"line":29,"column":5}},{"start":{},"end":{}}]},"4":{"loc":{"start":{"line":27,"column":8},"end":{"line":27,"column":45}},"type":"binary-expr","locations":[{"start":{"line":27,"column":8},"end":{"line":27,"column":14}},{"start":{"line":27,"column":18},"end":{"line":27,"column":30}},{"start":{"line":27,"column":34},"end":{"line":27,"column":45}}]},"5":{"loc":{"start":{"line":32,"column":4},"end":{"line":34,"column":5}},"type":"if","locations":[{"start":{"line":32,"column":4},"end":{"line":34,"column":5}},{"start":{},"end":{}}]},"6":{"loc":{"start":{"line":37,"column":47},"end":{"line":37,"column":78}},"type":"binary-expr","locations":[{"start":{"line":37,"column":47},"end":{"line":37,"column":69}},{"start":{"line":37,"column":73},"end":{"line":37,"column":78}}]},"7":{"loc":{"start":{"line":42,"column":34},"end":{"line":42,"column":74}},"type":"binary-expr","locations":[{"start":{"line":42,"column":34},"end":{"line":42,"column":47}},{"start":{"line":42,"column":51},"end":{"line":42,"column":74}}]}},"s":{"0":1,"1":1,"2":1,"3":1,"4":1,"5":1,"6":1,"7":1,"8":0,"9":1,"10":1,"11":1,"12":0,"13":1,"14":0,"15":1,"16":1,"17":0,"18":1,"19":1,"20":0,"21":0,"22":1},"f":{"0":1},"b":{"0":[1,0],"1":[1,0],"2":[0,1],"3":[0,1],"4":[1,1,1],"5":[0,1],"6":[1,0],"7":[0,0]}}
,"/Users/itaiharpaz/Code/new_app/src/routes/backtestRoutes.ts": {"path":"/Users/itaiharpaz/Code/new_app/src/routes/backtestRoutes.ts","statementMap":{"0":{"start":{"line":1,"column":0},"end":{"line":1,"column":33}},"1":{"start":{"line":2,"column":0},"end":{"line":2,"column":28}},"2":{"start":{"line":3,"column":0},"end":{"line":3,"column":68}},"3":{"start":{"line":5,"column":15},"end":{"line":5,"column":43}},"4":{"start":{"line":6,"column":15},"end":{"line":6,"column":23}},"5":{"start":{"line":8,"column":0},"end":{"line":8,"column":60}},"6":{"start":{"line":10,"column":0},"end":{"line":10,"column":22}}},"fnMap":{},"branchMap":{},"s":{"0":1,"1":1,"2":1,"3":1,"4":1,"5":1,"6":1},"f":{},"b":{}}
,"/Users/itaiharpaz/Code/new_app/src/utils/csvParser.ts": {"path":"/Users/itaiharpaz/Code/new_app/src/utils/csvParser.ts","statementMap":{"0":{"start":{"line":4,"column":0},"end":{"line":4,"column":7}},"1":{"start":{"line":1,"column":0},"end":{"line":1,"column":29}},"2":{"start":{"line":5,"column":2},"end":{"line":38,"column":3}},"3":{"start":{"line":6,"column":20},"end":{"line":6,"column":56}},"4":{"start":{"line":7,"column":18},"end":{"line":7,"column":44}},"5":{"start":{"line":9,"column":22},"end":{"line":9,"column":36}},"6":{"start":{"line":11,"column":32},"end":{"line":11,"column":34}},"7":{"start":{"line":13,"column":4},"end":{"line":34,"column":5}},"8":{"start":{"line":14,"column":20},"end":{"line":14,"column":47}},"9":{"start":{"line":15,"column":58},"end":{"line":15,"column":63}},"10":{"start":{"line":17,"column":6},"end":{"line":33,"column":7}},"11":{"start":{"line":25,"column":8},"end":{"line":32,"column":11}},"12":{"start":{"line":35,"column":4},"end":{"line":35,"column":22}},"13":{"start":{"line":37,"column":4},"end":{"line":37,"column":72}}},"fnMap":{"0":{"name":"parseCsv","decl":{"start":{"line":4,"column":22},"end":{"line":4,"column":30}},"loc":{"start":{"line":4,"column":47},"end":{"line":39,"column":1}}}},"branchMap":{"0":{"loc":{"start":{"line":17,"column":6},"end":{"line":33,"column":7}},"type":"if","locations":[{"start":{"line":17,"column":6},"end":{"line":33,"column":7}},{"start":{},"end":{}}]},"1":{"loc":{"start":{"line":18,"column":8},"end":{"line":23,"column":52}},"type":"binary-expr","locations":[{"start":{"line":18,"column":8},"end":{"line":18,"column":37}},{"start":{"line":18,"column":41},"end":{"line":18,"column":58}},{"start":{"line":19,"column":8},"end":{"line":19,"column":32}},{"start":{"line":19,"column":36},"end":{"line":19,"column":48}},{"start":{"line":20,"column":8},"end":{"line":20,"column":32}},{"start":{"line":20,"column":36},"end":{"line":20,"column":48}},{"start":{"line":21,"column":8},"end":{"line":21,"column":31}},{"start":{"line":21,"column":35},"end":{"line":21,"column":46}},{"start":{"line":22,"column":8},"end":{"line":22,"column":33}},{"start":{"line":22,"column":37},"end":{"line":22,"column":50}},{"start":{"line":23,"column":8},"end":{"line":23,"column":34}},{"start":{"line":23,"column":38},"end":{"line":23,"column":52}}]}},"s":{"0":2,"1":2,"2":3,"3":3,"4":2,"5":2,"6":2,"7":2,"8":7,"9":7,"10":7,"11":7,"12":2,"13":1},"f":{"0":3},"b":{"0":[7,0],"1":[7,7,7,7,7,7,7,7,7,7,7,7]}}
,"/Users/itaiharpaz/Code/new_app/src/utils/indicators.ts": {"path":"/Users/itaiharpaz/Code/new_app/src/utils/indicators.ts","statementMap":{"0":{"start":{"line":1,"column":0},"end":{"line":1,"column":16}},"1":{"start":{"line":14,"column":0},"end":{"line":14,"column":16}},"2":{"start":{"line":37,"column":0},"end":{"line":37,"column":16}},"3":{"start":{"line":2,"column":33},"end":{"line":2,"column":35}},"4":{"start":{"line":3,"column":2},"end":{"line":10,"column":3}},"5":{"start":{"line":3,"column":15},"end":{"line":3,"column":16}},"6":{"start":{"line":4,"column":4},"end":{"line":9,"column":5}},"7":{"start":{"line":5,"column":6},"end":{"line":5,"column":21}},"8":{"start":{"line":7,"column":18},"end":{"line":7,"column":80}},"9":{"start":{"line":7,"column":71},"end":{"line":7,"column":76}},"10":{"start":{"line":8,"column":6},"end":{"line":8,"column":29}},"11":{"start":{"line":11,"column":2},"end":{"line":11,"column":13}},"12":{"start":{"line":15,"column":33},"end":{"line":15,"column":35}},"13":{"start":{"line":16,"column":21},"end":{"line":16,"column":37}},"14":{"start":{"line":18,"column":2},"end":{"line":33,"column":3}},"15":{"start":{"line":18,"column":15},"end":{"line":18,"column":16}},"16":{"start":{"line":19,"column":4},"end":{"line":32,"column":5}},"17":{"start":{"line":20,"column":6},"end":{"line":20,"column":21}},"18":{"start":{"line":21,"column":11},"end":{"line":32,"column":5}},"19":{"start":{"line":22,"column":18},"end":{"line":22,"column":68}},"20":{"start":{"line":22,"column":59},"end":{"line":22,"column":64}},"21":{"start":{"line":23,"column":6},"end":{"line":23,"column":29}},"22":{"start":{"line":25,"column":27},"end":{"line":25,"column":36}},"23":{"start":{"line":26,"column":22},"end":{"line":26,"column":32}},"24":{"start":{"line":27,"column":6},"end":{"line":31,"column":7}},"25":{"start":{"line":28,"column":8},"end":{"line":28,"column":66}},"26":{"start":{"line":30,"column":8},"end":{"line":30,"column":23}},"27":{"start":{"line":34,"column":2},"end":{"line":34,"column":13}},"28":{"start":{"line":38,"column":2},"end":{"line":38,"column":37}},"29":{"start":{"line":38,"column":27},"end":{"line":38,"column":37}},"30":{"start":{"line":40,"column":33},"end":{"line":40,"column":35}},"31":{"start":{"line":41,"column":26},"end":{"line":41,"column":28}},"32":{"start":{"line":42,"column":27},"end":{"line":42,"column":29}},"33":{"start":{"line":45,"column":2},"end":{"line":57,"column":3}},"34":{"start":{"line":45,"column":15},"end":{"line":45,"column":16}},"35":{"start":{"line":46,"column":25},"end":{"line":46,"column":34}},"36":{"start":{"line":47,"column":22},"end":{"line":47,"column":35}},"37":{"start":{"line":49,"column":4},"end":{"line":56,"column":5}},"38":{"start":{"line":50,"column":21},"end":{"line":50,"column":45}},"39":{"start":{"line":51,"column":6},"end":{"line":51,"column":38}},"40":{"start":{"line":52,"column":6},"end":{"line":52,"column":40}},"41":{"start":{"line":54,"column":8},"end":{"line":54,"column":22}},"42":{"start":{"line":55,"column":8},"end":{"line":55,"column":23}},"43":{"start":{"line":59,"column":16},"end":{"line":59,"column":17}},"44":{"start":{"line":60,"column":16},"end":{"line":60,"column":17}},"45":{"start":{"line":63,"column":2},"end":{"line":70,"column":3}},"46":{"start":{"line":64,"column":6},"end":{"line":67,"column":7}},"47":{"start":{"line":64,"column":18},"end":{"line":64,"column":19}},"48":{"start":{"line":65,"column":10},"end":{"line":65,"column":35}},"49":{"start":{"line":66,"column":10},"end":{"line":66,"column":36}},"50":{"start":{"line":68,"column":6},"end":{"line":68,"column":24}},"51":{"start":{"line":69,"column":6},"end":{"line":69,"column":24}},"52":{"start":{"line":72,"column":2},"end":{"line":98,"column":3}},"53":{"start":{"line":72,"column":15},"end":{"line":72,"column":16}},"54":{"start":{"line":73,"column":4},"end":{"line":97,"column":5}},"55":{"start":{"line":74,"column":6},"end":{"line":74,"column":21}},"56":{"start":{"line":75,"column":11},"end":{"line":97,"column":5}},"57":{"start":{"line":76,"column":6},"end":{"line":81,"column":7}},"58":{"start":{"line":77,"column":8},"end":{"line":77,"column":22}},"59":{"start":{"line":79,"column":19},"end":{"line":79,"column":36}},"60":{"start":{"line":80,"column":8},"end":{"line":80,"column":39}},"61":{"start":{"line":83,"column":26},"end":{"line":83,"column":38}},"62":{"start":{"line":84,"column":26},"end":{"line":84,"column":39}},"63":{"start":{"line":86,"column":6},"end":{"line":89,"column":7}},"64":{"start":{"line":87,"column":10},"end":{"line":87,"column":68}},"65":{"start":{"line":88,"column":10},"end":{"line":88,"column":68}},"66":{"start":{"line":91,"column":6},"end":{"line":96,"column":7}},"67":{"start":{"line":92,"column":8},"end":{"line":92,"column":22}},"68":{"start":{"line":94,"column":19},"end":{"line":94,"column":36}},"69":{"start":{"line":95,"column":8},"end":{"line":95,"column":39}},"70":{"start":{"line":100,"column":2},"end":{"line":100,"column":13}}},"fnMap":{"0":{"name":"calculateSMA","decl":{"start":{"line":1,"column":16},"end":{"line":1,"column":28}},"loc":{"start":{"line":1,"column":61},"end":{"line":12,"column":1}}},"1":{"name":"(anonymous_1)","decl":{"start":{"line":7,"column":61},"end":{"line":7,"column":62}},"loc":{"start":{"line":7,"column":71},"end":{"line":7,"column":76}}},"2":{"name":"calculateEMA","decl":{"start":{"line":14,"column":16},"end":{"line":14,"column":28}},"loc":{"start":{"line":14,"column":61},"end":{"line":35,"column":1}}},"3":{"name":"(anonymous_3)","decl":{"start":{"line":22,"column":49},"end":{"line":22,"column":50}},"loc":{"start":{"line":22,"column":59},"end":{"line":22,"column":64}}},"4":{"name":"calculateRSI","decl":{"start":{"line":37,"column":16},"end":{"line":37,"column":28}},"loc":{"start":{"line":37,"column":61},"end":{"line":101,"column":1}}}},"branchMap":{"0":{"loc":{"start":{"line":4,"column":4},"end":{"line":9,"column":5}},"type":"if","locations":[{"start":{"line":4,"column":4},"end":{"line":9,"column":5}},{"start":{"line":6,"column":11},"end":{"line":9,"column":5}}]},"1":{"loc":{"start":{"line":19,"column":4},"end":{"line":32,"column":5}},"type":"if","locations":[{"start":{"line":19,"column":4},"end":{"line":32,"column":5}},{"start":{"line":21,"column":11},"end":{"line":32,"column":5}}]},"2":{"loc":{"start":{"line":21,"column":11},"end":{"line":32,"column":5}},"type":"if","locations":[{"start":{"line":21,"column":11},"end":{"line":32,"column":5}},{"start":{"line":24,"column":11},"end":{"line":32,"column":5}}]},"3":{"loc":{"start":{"line":27,"column":6},"end":{"line":31,"column":7}},"type":"if","locations":[{"start":{"line":27,"column":6},"end":{"line":31,"column":7}},{"start":{"line":29,"column":13},"end":{"line":31,"column":7}}]},"4":{"loc":{"start":{"line":27,"column":10},"end":{"line":27,"column":73}},"type":"binary-expr","locations":[{"start":{"line":27,"column":10},"end":{"line":27,"column":42}},{"start":{"line":27,"column":46},"end":{"line":27,"column":73}}]},"5":{"loc":{"start":{"line":38,"column":2},"end":{"line":38,"column":37}},"type":"if","locations":[{"start":{"line":38,"column":2},"end":{"line":38,"column":37}},{"start":{},"end":{}}]},"6":{"loc":{"start":{"line":49,"column":4},"end":{"line":56,"column":5}},"type":"if","locations":[{"start":{"line":49,"column":4},"end":{"line":56,"column":5}},{"start":{"line":53,"column":11},"end":{"line":56,"column":5}}]},"7":{"loc":{"start":{"line":49,"column":8},"end":{"line":49,"column":73}},"type":"binary-expr","locations":[{"start":{"line":49,"column":8},"end":{"line":49,"column":40}},{"start":{"line":49,"column":44},"end":{"line":49,"column":73}}]},"8":{"loc":{"start":{"line":63,"column":2},"end":{"line":70,"column":3}},"type":"if","locations":[{"start":{"line":63,"column":2},"end":{"line":70,"column":3}},{"start":{},"end":{}}]},"9":{"loc":{"start":{"line":65,"column":21},"end":{"line":65,"column":34}},"type":"binary-expr","locations":[{"start":{"line":65,"column":21},"end":{"line":65,"column":29}},{"start":{"line":65,"column":33},"end":{"line":65,"column":34}}]},"10":{"loc":{"start":{"line":66,"column":21},"end":{"line":66,"column":35}},"type":"binary-expr","locations":[{"start":{"line":66,"column":21},"end":{"line":66,"column":30}},{"start":{"line":66,"column":34},"end":{"line":66,"column":35}}]},"11":{"loc":{"start":{"line":73,"column":4},"end":{"line":97,"column":5}},"type":"if","locations":[{"start":{"line":73,"column":4},"end":{"line":97,"column":5}},{"start":{"line":75,"column":11},"end":{"line":97,"column":5}}]},"12":{"loc":{"start":{"line":75,"column":11},"end":{"line":97,"column":5}},"type":"if","locations":[{"start":{"line":75,"column":11},"end":{"line":97,"column":5}},{"start":{"line":82,"column":11},"end":{"line":97,"column":5}}]},"13":{"loc":{"start":{"line":76,"column":6},"end":{"line":81,"column":7}},"type":"if","locations":[{"start":{"line":76,"column":6},"end":{"line":81,"column":7}},{"start":{"line":78,"column":13},"end":{"line":81,"column":7}}]},"14":{"loc":{"start":{"line":86,"column":6},"end":{"line":89,"column":7}},"type":"if","locations":[{"start":{"line":86,"column":6},"end":{"line":89,"column":7}},{"start":{},"end":{}}]},"15":{"loc":{"start":{"line":86,"column":10},"end":{"line":86,"column":76}},"type":"binary-expr","locations":[{"start":{"line":86,"column":10},"end":{"line":86,"column":41}},{"start":{"line":86,"column":45},"end":{"line":86,"column":76}}]},"16":{"loc":{"start":{"line":91,"column":6},"end":{"line":96,"column":7}},"type":"if","locations":[{"start":{"line":91,"column":6},"end":{"line":96,"column":7}},{"start":{"line":93,"column":13},"end":{"line":96,"column":7}}]}},"s":{"0":3,"1":3,"2":3,"3":8,"4":8,"5":8,"6":36,"7":28,"8":8,"9":24,"10":8,"11":8,"12":7,"13":7,"14":7,"15":7,"16":34,"17":26,"18":8,"19":1,"20":3,"21":1,"22":7,"23":7,"24":7,"25":7,"26":0,"27":7,"28":5,"29":0,"30":5,"31":5,"32":5,"33":5,"34":5,"35":29,"36":29,"37":29,"38":29,"39":29,"40":29,"41":0,"42":0,"43":5,"44":5,"45":5,"46":2,"47":2,"48":17,"49":17,"50":2,"51":2,"52":5,"53":5,"54":34,"55":29,"56":5,"57":2,"58":1,"59":1,"60":1,"61":3,"62":3,"63":3,"64":3,"65":3,"66":3,"67":2,"68":1,"69":1,"70":5},"f":{"0":8,"1":24,"2":7,"3":3,"4":5},"b":{"0":[28,8],"1":[26,8],"2":[1,7],"3":[7,0],"4":[7,7],"5":[0,5],"6":[29,0],"7":[29,29],"8":[2,3],"9":[17,5],"10":[17,13],"11":[29,5],"12":[2,3],"13":[1,1],"14":[3,0],"15":[3,3],"16":[2,1]}}
,"/Users/itaiharpaz/Code/new_app/src/utils/ruleEngine.ts": {"path":"/Users/itaiharpaz/Code/new_app/src/utils/ruleEngine.ts","statementMap":{"0":{"start":{"line":3,"column":0},"end":{"line":3,"column":16}},"1":{"start":{"line":4,"column":2},"end":{"line":8,"column":3}},"2":{"start":{"line":5,"column":4},"end":{"line":5,"column":42}},"3":{"start":{"line":6,"column":9},"end":{"line":8,"column":3}},"4":{"start":{"line":7,"column":4},"end":{"line":7,"column":39}},"5":{"start":{"line":9,"column":2},"end":{"line":9,"column":15}},"6":{"start":{"line":13,"column":20},"end":{"line":13,"column":35}},"7":{"start":{"line":14,"column":21},"end":{"line":14,"column":83}},"8":{"start":{"line":16,"column":2},"end":{"line":18,"column":3}},"9":{"start":{"line":17,"column":4},"end":{"line":17,"column":17}},"10":{"start":{"line":20,"column":2},"end":{"line":35,"column":3}},"11":{"start":{"line":22,"column":6},"end":{"line":22,"column":36}},"12":{"start":{"line":24,"column":6},"end":{"line":24,"column":36}},"13":{"start":{"line":26,"column":6},"end":{"line":26,"column":37}},"14":{"start":{"line":28,"column":6},"end":{"line":28,"column":37}},"15":{"start":{"line":30,"column":6},"end":{"line":30,"column":38}},"16":{"start":{"line":32,"column":6},"end":{"line":32,"column":38}},"17":{"start":{"line":34,"column":6},"end":{"line":34,"column":19}},"18":{"start":{"line":39,"column":2},"end":{"line":43,"column":3}},"19":{"start":{"line":40,"column":4},"end":{"line":40,"column":77}},"20":{"start":{"line":40,"column":46},"end":{"line":40,"column":75}},"21":{"start":{"line":41,"column":9},"end":{"line":43,"column":3}},"22":{"start":{"line":42,"column":4},"end":{"line":42,"column":76}},"23":{"start":{"line":42,"column":45},"end":{"line":42,"column":74}},"24":{"start":{"line":44,"column":2},"end":{"line":44,"column":15}}},"fnMap":{"0":{"name":"evaluateRule","decl":{"start":{"line":3,"column":16},"end":{"line":3,"column":28}},"loc":{"start":{"line":3,"column":69},"end":{"line":10,"column":1}}},"1":{"name":"evaluateComparison","decl":{"start":{"line":12,"column":9},"end":{"line":12,"column":27}},"loc":{"start":{"line":12,"column":78},"end":{"line":36,"column":1}}},"2":{"name":"evaluateLogical","decl":{"start":{"line":38,"column":9},"end":{"line":38,"column":24}},"loc":{"start":{"line":38,"column":72},"end":{"line":45,"column":1}}},"3":{"name":"(anonymous_3)","decl":{"start":{"line":40,"column":33},"end":{"line":40,"column":42}},"loc":{"start":{"line":40,"column":46},"end":{"line":40,"column":75}}},"4":{"name":"(anonymous_4)","decl":{"start":{"line":42,"column":32},"end":{"line":42,"column":41}},"loc":{"start":{"line":42,"column":45},"end":{"line":42,"column":74}}}},"branchMap":{"0":{"loc":{"start":{"line":4,"column":2},"end":{"line":8,"column":3}},"type":"if","locations":[{"start":{"line":4,"column":2},"end":{"line":8,"column":3}},{"start":{"line":6,"column":9},"end":{"line":8,"column":3}}]},"1":{"loc":{"start":{"line":6,"column":9},"end":{"line":8,"column":3}},"type":"if","locations":[{"start":{"line":6,"column":9},"end":{"line":8,"column":3}},{"start":{},"end":{}}]},"2":{"loc":{"start":{"line":14,"column":21},"end":{"line":14,"column":83}},"type":"cond-expr","locations":[{"start":{"line":14,"column":54},"end":{"line":14,"column":70}},{"start":{"line":14,"column":73},"end":{"line":14,"column":83}}]},"3":{"loc":{"start":{"line":16,"column":2},"end":{"line":18,"column":3}},"type":"if","locations":[{"start":{"line":16,"column":2},"end":{"line":18,"column":3}},{"start":{},"end":{}}]},"4":{"loc":{"start":{"line":16,"column":6},"end":{"line":16,"column":57}},"type":"binary-expr","locations":[{"start":{"line":16,"column":6},"end":{"line":16,"column":29}},{"start":{"line":16,"column":33},"end":{"line":16,"column":57}}]},"5":{"loc":{"start":{"line":20,"column":2},"end":{"line":35,"column":3}},"type":"switch","locations":[{"start":{"line":21,"column":4},"end":{"line":22,"column":36}},{"start":{"line":23,"column":4},"end":{"line":24,"column":36}},{"start":{"line":25,"column":4},"end":{"line":26,"column":37}},{"start":{"line":27,"column":4},"end":{"line":28,"column":37}},{"start":{"line":29,"column":4},"end":{"line":30,"column":38}},{"start":{"line":31,"column":4},"end":{"line":32,"column":38}},{"start":{"line":33,"column":4},"end":{"line":34,"column":19}}]},"6":{"loc":{"start":{"line":39,"column":2},"end":{"line":43,"column":3}},"type":"if","locations":[{"start":{"line":39,"column":2},"end":{"line":43,"column":3}},{"start":{"line":41,"column":9},"end":{"line":43,"column":3}}]},"7":{"loc":{"start":{"line":41,"column":9},"end":{"line":43,"column":3}},"type":"if","locations":[{"start":{"line":41,"column":9},"end":{"line":43,"column":3}},{"start":{},"end":{}}]}},"s":{"0":3,"1":38,"2":29,"3":9,"4":8,"5":1,"6":29,"7":29,"8":29,"9":1,"10":28,"11":17,"12":7,"13":1,"14":0,"15":1,"16":1,"17":1,"18":8,"19":5,"20":10,"21":3,"22":2,"23":4,"24":1},"f":{"0":38,"1":29,"2":8,"3":10,"4":4},"b":{"0":[29,9],"1":[8,1],"2":[3,26],"3":[1,28],"4":[29,28],"5":[17,7,1,0,1,1,1],"6":[5,3],"7":[2,1]}}
,"/Users/itaiharpaz/Code/new_app/src/utils/simulator.ts": {"path":"/Users/itaiharpaz/Code/new_app/src/utils/simulator.ts","statementMap":{"0":{"start":{"line":7,"column":0},"end":{"line":7,"column":16}},"1":{"start":{"line":4,"column":0},"end":{"line":4,"column":44}},"2":{"start":{"line":5,"column":0},"end":{"line":5,"column":72}},"3":{"start":{"line":14,"column":17},"end":{"line":14,"column":39}},"4":{"start":{"line":14,"column":31},"end":{"line":14,"column":38}},"5":{"start":{"line":15,"column":16},"end":{"line":15,"column":40}},"6":{"start":{"line":16,"column":17},"end":{"line":16,"column":42}},"7":{"start":{"line":17,"column":15},"end":{"line":17,"column":38}},"8":{"start":{"line":18,"column":16},"end":{"line":18,"column":40}},"9":{"start":{"line":19,"column":16},"end":{"line":19,"column":40}},"10":{"start":{"line":21,"column":23},"end":{"line":33,"column":55}},"11":{"start":{"line":21,"column":43},"end":{"line":33,"column":4}},"12":{"start":{"line":36,"column":16},"end":{"line":36,"column":30}},"13":{"start":{"line":37,"column":35},"end":{"line":37,"column":39}},"14":{"start":{"line":38,"column":26},"end":{"line":38,"column":28}},"15":{"start":{"line":39,"column":79},"end":{"line":39,"column":81}},"16":{"start":{"line":40,"column":20},"end":{"line":40,"column":27}},"17":{"start":{"line":41,"column":20},"end":{"line":41,"column":21}},"18":{"start":{"line":43,"column":2},"end":{"line":110,"column":3}},"19":{"start":{"line":43,"column":15},"end":{"line":43,"column":16}},"20":{"start":{"line":44,"column":16},"end":{"line":44,"column":31}},"21":{"start":{"line":45,"column":4},"end":{"line":45,"column":23}},"22":{"start":{"line":45,"column":14},"end":{"line":45,"column":23}},"23":{"start":{"line":48,"column":20},"end":{"line":48,"column":39}},"24":{"start":{"line":50,"column":4},"end":{"line":89,"column":5}},"25":{"start":{"line":51,"column":6},"end":{"line":67,"column":7}},"26":{"start":{"line":52,"column":8},"end":{"line":66,"column":9}},"27":{"start":{"line":53,"column":29},"end":{"line":53,"column":41}},"28":{"start":{"line":54,"column":27},"end":{"line":54,"column":68}},"29":{"start":{"line":56,"column":10},"end":{"line":65,"column":11}},"30":{"start":{"line":57,"column":13},"end":{"line":63,"column":14}},"31":{"start":{"line":64,"column":12},"end":{"line":64,"column":24}},"32":{"start":{"line":69,"column":6},"end":{"line":88,"column":7}},"33":{"start":{"line":70,"column":8},"end":{"line":87,"column":9}},"34":{"start":{"line":71,"column":28},"end":{"line":71,"column":40}},"35":{"start":{"line":72,"column":29},"end":{"line":72,"column":62}},"36":{"start":{"line":73,"column":33},"end":{"line":73,"column":56}},"37":{"start":{"line":74,"column":10},"end":{"line":74,"column":48}},"38":{"start":{"line":76,"column":10},"end":{"line":76,"column":41}},"39":{"start":{"line":77,"column":10},"end":{"line":77,"column":106}},"40":{"start":{"line":79,"column":10},"end":{"line":85,"column":13}},"41":{"start":{"line":86,"column":10},"end":{"line":86,"column":30}},"42":{"start":{"line":92,"column":26},"end":{"line":94,"column":15}},"43":{"start":{"line":96,"column":4},"end":{"line":100,"column":7}},"44":{"start":{"line":102,"column":4},"end":{"line":104,"column":5}},"45":{"start":{"line":103,"column":6},"end":{"line":103,"column":34}},"46":{"start":{"line":106,"column":21},"end":{"line":106,"column":86}},"47":{"start":{"line":107,"column":4},"end":{"line":109,"column":5}},"48":{"start":{"line":108,"column":6},"end":{"line":108,"column":29}},"49":{"start":{"line":113,"column":2},"end":{"line":120,"column":3}},"50":{"start":{"line":114,"column":22},"end":{"line":114,"column":59}},"51":{"start":{"line":115,"column":6},"end":{"line":119,"column":7}},"52":{"start":{"line":116,"column":26},"end":{"line":116,"column":39}},"53":{"start":{"line":117,"column":27},"end":{"line":117,"column":60}},"54":{"start":{"line":118,"column":8},"end":{"line":118,"column":48}},"55":{"start":{"line":122,"column":20},"end":{"line":122,"column":44}},"56":{"start":{"line":123,"column":24},"end":{"line":123,"column":63}},"57":{"start":{"line":123,"column":43},"end":{"line":123,"column":62}},"58":{"start":{"line":124,"column":18},"end":{"line":124,"column":78}},"59":{"start":{"line":126,"column":2},"end":{"line":136,"column":4}}},"fnMap":{"0":{"name":"runBacktest","decl":{"start":{"line":7,"column":16},"end":{"line":7,"column":27}},"loc":{"start":{"line":11,"column":24},"end":{"line":137,"column":1}}},"1":{"name":"(anonymous_1)","decl":{"start":{"line":14,"column":26},"end":{"line":14,"column":27}},"loc":{"start":{"line":14,"column":31},"end":{"line":14,"column":38}}},"2":{"name":"(anonymous_2)","decl":{"start":{"line":21,"column":32},"end":{"line":21,"column":33}},"loc":{"start":{"line":21,"column":43},"end":{"line":33,"column":4}}},"3":{"name":"(anonymous_3)","decl":{"start":{"line":123,"column":38},"end":{"line":123,"column":39}},"loc":{"start":{"line":123,"column":43},"end":{"line":123,"column":62}}}},"branchMap":{"0":{"loc":{"start":{"line":11,"column":2},"end":{"line":11,"column":24}},"type":"default-arg","locations":[{"start":{"line":11,"column":23},"end":{"line":11,"column":24}}]},"1":{"loc":{"start":{"line":28,"column":12},"end":{"line":28,"column":33}},"type":"binary-expr","locations":[{"start":{"line":28,"column":12},"end":{"line":28,"column":20}},{"start":{"line":28,"column":24},"end":{"line":28,"column":33}}]},"2":{"loc":{"start":{"line":29,"column":13},"end":{"line":29,"column":35}},"type":"binary-expr","locations":[{"start":{"line":29,"column":13},"end":{"line":29,"column":22}},{"start":{"line":29,"column":26},"end":{"line":29,"column":35}}]},"3":{"loc":{"start":{"line":30,"column":11},"end":{"line":30,"column":31}},"type":"binary-expr","locations":[{"start":{"line":30,"column":11},"end":{"line":30,"column":18}},{"start":{"line":30,"column":22},"end":{"line":30,"column":31}}]},"4":{"loc":{"start":{"line":31,"column":12},"end":{"line":31,"column":33}},"type":"binary-expr","locations":[{"start":{"line":31,"column":12},"end":{"line":31,"column":20}},{"start":{"line":31,"column":24},"end":{"line":31,"column":33}}]},"5":{"loc":{"start":{"line":32,"column":9},"end":{"line":32,"column":30}},"type":"binary-expr","locations":[{"start":{"line":32,"column":9},"end":{"line":32,"column":17}},{"start":{"line":32,"column":21},"end":{"line":32,"column":30}}]},"6":{"loc":{"start":{"line":45,"column":4},"end":{"line":45,"column":23}},"type":"if","locations":[{"start":{"line":45,"column":4},"end":{"line":45,"column":23}},{"start":{},"end":{}}]},"7":{"loc":{"start":{"line":50,"column":4},"end":{"line":89,"column":5}},"type":"if","locations":[{"start":{"line":50,"column":4},"end":{"line":89,"column":5}},{"start":{"line":68,"column":11},"end":{"line":89,"column":5}}]},"8":{"loc":{"start":{"line":51,"column":6},"end":{"line":67,"column":7}},"type":"if","locations":[{"start":{"line":51,"column":6},"end":{"line":67,"column":7}},{"start":{},"end":{}}]},"9":{"loc":{"start":{"line":52,"column":8},"end":{"line":66,"column":9}},"type":"if","locations":[{"start":{"line":52,"column":8},"end":{"line":66,"column":9}},{"start":{},"end":{}}]},"10":{"loc":{"start":{"line":56,"column":10},"end":{"line":65,"column":11}},"type":"if","locations":[{"start":{"line":56,"column":10},"end":{"line":65,"column":11}},{"start":{},"end":{}}]},"11":{"loc":{"start":{"line":69,"column":6},"end":{"line":88,"column":7}},"type":"if","locations":[{"start":{"line":69,"column":6},"end":{"line":88,"column":7}},{"start":{},"end":{}}]},"12":{"loc":{"start":{"line":70,"column":8},"end":{"line":87,"column":9}},"type":"if","locations":[{"start":{"line":70,"column":8},"end":{"line":87,"column":9}},{"start":{},"end":{}}]},"13":{"loc":{"start":{"line":92,"column":26},"end":{"line":94,"column":15}},"type":"cond-expr","locations":[{"start":{"line":93,"column":8},"end":{"line":93,"column":41}},{"start":{"line":94,"column":8},"end":{"line":94,"column":15}}]},"14":{"loc":{"start":{"line":102,"column":4},"end":{"line":104,"column":5}},"type":"if","locations":[{"start":{"line":102,"column":4},"end":{"line":104,"column":5}},{"start":{},"end":{}}]},"15":{"loc":{"start":{"line":106,"column":21},"end":{"line":106,"column":86}},"type":"cond-expr","locations":[{"start":{"line":106,"column":39},"end":{"line":106,"column":82}},{"start":{"line":106,"column":85},"end":{"line":106,"column":86}}]},"16":{"loc":{"start":{"line":107,"column":4},"end":{"line":109,"column":5}},"type":"if","locations":[{"start":{"line":107,"column":4},"end":{"line":109,"column":5}},{"start":{},"end":{}}]},"17":{"loc":{"start":{"line":113,"column":2},"end":{"line":120,"column":3}},"type":"if","locations":[{"start":{"line":113,"column":2},"end":{"line":120,"column":3}},{"start":{},"end":{}}]},"18":{"loc":{"start":{"line":115,"column":6},"end":{"line":119,"column":7}},"type":"if","locations":[{"start":{"line":115,"column":6},"end":{"line":119,"column":7}},{"start":{},"end":{}}]},"19":{"loc":{"start":{"line":123,"column":44},"end":{"line":123,"column":57}},"type":"binary-expr","locations":[{"start":{"line":123,"column":44},"end":{"line":123,"column":52}},{"start":{"line":123,"column":56},"end":{"line":123,"column":57}}]},"20":{"loc":{"start":{"line":124,"column":18},"end":{"line":124,"column":78}},"type":"cond-expr","locations":[{"start":{"line":124,"column":38},"end":{"line":124,"column":74}},{"start":{"line":124,"column":77},"end":{"line":124,"column":78}}]}},"s":{"0":2,"1":2,"2":2,"3":3,"4":12,"5":3,"6":3,"7":3,"8":3,"9":3,"10":3,"11":12,"12":3,"13":3,"14":3,"15":3,"16":3,"17":3,"18":3,"19":3,"20":12,"21":12,"22":0,"23":12,"24":12,"25":6,"26":4,"27":4,"28":4,"29":4,"30":4,"31":4,"32":6,"33":4,"34":2,"35":2,"36":2,"37":2,"38":2,"39":2,"40":2,"41":2,"42":12,"43":12,"44":12,"45":6,"46":12,"47":12,"48":1,"49":3,"50":2,"51":2,"52":2,"53":2,"54":2,"55":3,"56":3,"57":2,"58":3,"59":3},"f":{"0":3,"1":12,"2":12,"3":2},"b":{"0":[0],"1":[12,12],"2":[12,12],"3":[12,12],"4":[12,12],"5":[12,12],"6":[0,12],"7":[6,6],"8":[4,2],"9":[4,0],"10":[4,0],"11":[4,2],"12":[2,2],"13":[8,4],"14":[6,6],"15":[12,0],"16":[1,11],"17":[2,1],"18":[2,0],"19":[2,0],"20":[2,1]}}
}
