TN:
SF:src/app.ts
FN:13,(anonymous_1)
FNF:1
FNH:1
FNDA:1,(anonymous_1)
DA:1,1
DA:2,1
DA:3,1
DA:4,1
DA:6,1
DA:8,1
DA:9,1
DA:11,1
DA:13,1
DA:14,1
DA:17,1
LF:11
LH:11
BRF:0
BRH:0
end_of_record
TN:
SF:src/controllers/backtestController.ts
FN:6,(anonymous_0)
FNF:1
FNH:1
FNDA:1,(anonymous_0)
DA:2,1
DA:3,1
DA:6,1
DA:7,1
DA:8,1
DA:11,1
DA:12,1
DA:13,1
DA:15,0
DA:19,1
DA:20,1
DA:23,1
DA:24,0
DA:27,1
DA:28,0
DA:31,1
DA:32,1
DA:33,0
DA:37,1
DA:39,1
DA:41,0
DA:42,0
LF:22
LH:16
BRDA:11,0,0,1
BRDA:11,0,1,0
BRDA:19,1,0,1
BRDA:19,1,1,0
BRDA:23,2,0,0
BRDA:23,2,1,1
BRDA:27,3,0,0
BRDA:27,3,1,1
BRDA:27,4,0,1
BRDA:27,4,1,1
BRDA:27,4,2,1
BRDA:32,5,0,0
BRDA:32,5,1,1
BRDA:37,6,0,1
BRDA:37,6,1,0
BRDA:42,7,0,0
BRDA:42,7,1,0
BRF:17
BRH:9
end_of_record
TN:
SF:src/routes/backtestRoutes.ts
FNF:0
FNH:0
DA:1,1
DA:2,1
DA:3,1
DA:5,1
DA:6,1
DA:8,1
DA:10,1
LF:7
LH:7
BRF:0
BRH:0
end_of_record
TN:
SF:src/utils/csvParser.ts
FN:4,parseCsv
FNF:1
FNH:1
FNDA:3,parseCsv
DA:1,2
DA:4,2
DA:5,3
DA:6,3
DA:7,2
DA:9,2
DA:11,2
DA:13,2
DA:14,7
DA:15,7
DA:17,7
DA:25,7
DA:35,2
DA:37,1
LF:14
LH:14
BRDA:17,0,0,7
BRDA:17,0,1,0
BRDA:18,1,0,7
BRDA:18,1,1,7
BRDA:18,1,2,7
BRDA:18,1,3,7
BRDA:18,1,4,7
BRDA:18,1,5,7
BRDA:18,1,6,7
BRDA:18,1,7,7
BRDA:18,1,8,7
BRDA:18,1,9,7
BRDA:18,1,10,7
BRDA:18,1,11,7
BRF:14
BRH:13
end_of_record
TN:
SF:src/utils/indicators.ts
FN:1,calculateSMA
FN:7,(anonymous_1)
FN:14,calculateEMA
FN:22,(anonymous_3)
FN:37,calculateRSI
FNF:5
FNH:5
FNDA:8,calculateSMA
FNDA:24,(anonymous_1)
FNDA:7,calculateEMA
FNDA:3,(anonymous_3)
FNDA:5,calculateRSI
DA:1,3
DA:2,8
DA:3,8
DA:4,36
DA:5,28
DA:7,24
DA:8,8
DA:11,8
DA:14,3
DA:15,7
DA:16,7
DA:18,7
DA:19,34
DA:20,26
DA:21,8
DA:22,3
DA:23,1
DA:25,7
DA:26,7
DA:27,7
DA:28,7
DA:30,0
DA:34,7
DA:37,3
DA:38,5
DA:40,5
DA:41,5
DA:42,5
DA:45,5
DA:46,29
DA:47,29
DA:49,29
DA:50,29
DA:51,29
DA:52,29
DA:54,0
DA:55,0
DA:59,5
DA:60,5
DA:63,5
DA:64,2
DA:65,17
DA:66,17
DA:68,2
DA:69,2
DA:72,5
DA:73,34
DA:74,29
DA:75,5
DA:76,2
DA:77,1
DA:79,1
DA:80,1
DA:83,3
DA:84,3
DA:86,3
DA:87,3
DA:88,3
DA:91,3
DA:92,2
DA:94,1
DA:95,1
DA:100,5
LF:63
LH:60
BRDA:4,0,0,28
BRDA:4,0,1,8
BRDA:19,1,0,26
BRDA:19,1,1,8
BRDA:21,2,0,1
BRDA:21,2,1,7
BRDA:27,3,0,7
BRDA:27,3,1,0
BRDA:27,4,0,7
BRDA:27,4,1,7
BRDA:38,5,0,0
BRDA:38,5,1,5
BRDA:49,6,0,29
BRDA:49,6,1,0
BRDA:49,7,0,29
BRDA:49,7,1,29
BRDA:63,8,0,2
BRDA:63,8,1,3
BRDA:65,9,0,17
BRDA:65,9,1,5
BRDA:66,10,0,17
BRDA:66,10,1,13
BRDA:73,11,0,29
BRDA:73,11,1,5
BRDA:75,12,0,2
BRDA:75,12,1,3
BRDA:76,13,0,1
BRDA:76,13,1,1
BRDA:86,14,0,3
BRDA:86,14,1,0
BRDA:86,15,0,3
BRDA:86,15,1,3
BRDA:91,16,0,2
BRDA:91,16,1,1
BRF:34
BRH:30
end_of_record
TN:
SF:src/utils/ruleEngine.ts
FN:3,evaluateRule
FN:12,evaluateComparison
FN:38,evaluateLogical
FN:40,(anonymous_3)
FN:42,(anonymous_4)
FNF:5
FNH:5
FNDA:38,evaluateRule
FNDA:29,evaluateComparison
FNDA:8,evaluateLogical
FNDA:10,(anonymous_3)
FNDA:4,(anonymous_4)
DA:3,3
DA:4,38
DA:5,29
DA:6,9
DA:7,8
DA:9,1
DA:13,29
DA:14,29
DA:16,29
DA:17,1
DA:20,28
DA:22,17
DA:24,7
DA:26,1
DA:28,0
DA:30,1
DA:32,1
DA:34,1
DA:39,8
DA:40,10
DA:41,3
DA:42,4
DA:44,1
LF:23
LH:22
BRDA:4,0,0,29
BRDA:4,0,1,9
BRDA:6,1,0,8
BRDA:6,1,1,1
BRDA:14,2,0,3
BRDA:14,2,1,26
BRDA:16,3,0,1
BRDA:16,3,1,28
BRDA:16,4,0,29
BRDA:16,4,1,28
BRDA:20,5,0,17
BRDA:20,5,1,7
BRDA:20,5,2,1
BRDA:20,5,3,0
BRDA:20,5,4,1
BRDA:20,5,5,1
BRDA:20,5,6,1
BRDA:39,6,0,5
BRDA:39,6,1,3
BRDA:41,7,0,2
BRDA:41,7,1,1
BRF:21
BRH:20
end_of_record
TN:
SF:src/utils/simulator.ts
FN:7,runBacktest
FN:14,(anonymous_1)
FN:21,(anonymous_2)
FN:123,(anonymous_3)
FNF:4
FNH:4
FNDA:3,runBacktest
FNDA:12,(anonymous_1)
FNDA:12,(anonymous_2)
FNDA:2,(anonymous_3)
DA:4,2
DA:5,2
DA:7,2
DA:14,12
DA:15,3
DA:16,3
DA:17,3
DA:18,3
DA:19,3
DA:21,12
DA:36,3
DA:37,3
DA:38,3
DA:39,3
DA:40,3
DA:41,3
DA:43,3
DA:44,12
DA:45,12
DA:48,12
DA:50,12
DA:51,6
DA:52,4
DA:53,4
DA:54,4
DA:56,4
DA:57,4
DA:64,4
DA:69,6
DA:70,4
DA:71,2
DA:72,2
DA:73,2
DA:74,2
DA:76,2
DA:77,2
DA:79,2
DA:86,2
DA:92,12
DA:96,12
DA:102,12
DA:103,6
DA:106,12
DA:107,12
DA:108,1
DA:113,3
DA:114,2
DA:115,2
DA:116,2
DA:117,2
DA:118,2
DA:122,3
DA:123,3
DA:124,3
DA:126,3
LF:55
LH:55
BRDA:11,0,0,0
BRDA:28,1,0,12
BRDA:28,1,1,12
BRDA:29,2,0,12
BRDA:29,2,1,12
BRDA:30,3,0,12
BRDA:30,3,1,12
BRDA:31,4,0,12
BRDA:31,4,1,12
BRDA:32,5,0,12
BRDA:32,5,1,12
BRDA:45,6,0,0
BRDA:45,6,1,12
BRDA:50,7,0,6
BRDA:50,7,1,6
BRDA:51,8,0,4
BRDA:51,8,1,2
BRDA:52,9,0,4
BRDA:52,9,1,0
BRDA:56,10,0,4
BRDA:56,10,1,0
BRDA:69,11,0,4
BRDA:69,11,1,2
BRDA:70,12,0,2
BRDA:70,12,1,2
BRDA:92,13,0,8
BRDA:92,13,1,4
BRDA:102,14,0,6
BRDA:102,14,1,6
BRDA:106,15,0,12
BRDA:106,15,1,0
BRDA:107,16,0,1
BRDA:107,16,1,11
BRDA:113,17,0,2
BRDA:113,17,1,1
BRDA:115,18,0,2
BRDA:115,18,1,0
BRDA:123,19,0,2
BRDA:123,19,1,0
BRDA:124,20,0,2
BRDA:124,20,1,1
BRF:41
BRH:34
end_of_record
