TN:
SF:src/app.ts
FN:10,(anonymous_1)
FNF:1
FNH:1
FNDA:1,(anonymous_1)
DA:1,1
DA:2,1
DA:3,1
DA:5,1
DA:7,1
DA:8,1
DA:10,1
DA:11,1
DA:14,1
LF:9
LH:9
BRF:0
BRH:0
end_of_record
TN:
SF:src/utils/csvParser.ts
FN:4,parseCSV
FN:11,(anonymous_2)
FNF:2
FNH:2
FNDA:2,parseCSV
FNDA:5,(anonymous_2)
DA:1,1
DA:2,1
DA:4,1
DA:5,2
DA:6,2
DA:7,1
DA:9,1
DA:11,1
DA:12,5
DA:13,5
DA:23,1
LF:11
LH:11
BRF:0
BRH:0
end_of_record
TN:
SF:src/utils/indicators.ts
FN:1,calculateSMA
FN:7,(anonymous_1)
FN:14,calculateEMA
FN:22,(anonymous_3)
FN:32,calculateRSI
FNF:5
FNH:5
FNDA:2,calculateSMA
FNDA:24,(anonymous_1)
FNDA:1,calculateEMA
FNDA:3,(anonymous_3)
FNDA:2,calculateRSI
DA:1,1
DA:2,2
DA:3,2
DA:4,12
DA:5,4
DA:7,24
DA:8,8
DA:11,2
DA:14,1
DA:15,1
DA:16,1
DA:18,1
DA:19,10
DA:20,2
DA:21,8
DA:22,3
DA:23,1
DA:25,7
DA:26,7
DA:29,1
DA:32,1
DA:33,2
DA:34,2
DA:35,2
DA:37,2
DA:38,20
DA:39,20
DA:40,20
DA:43,2
DA:44,2
DA:46,2
DA:47,22
DA:48,17
DA:49,17
DA:50,15
DA:51,15
DA:53,17
DA:54,2
DA:55,2
DA:57,5
DA:58,2
DA:59,1
DA:61,1
DA:62,1
DA:65,3
DA:66,3
DA:67,3
DA:68,2
DA:70,1
DA:71,1
DA:76,2
LF:51
LH:51
BRDA:4,0,0,4
BRDA:4,0,1,8
BRDA:19,1,0,2
BRDA:19,1,1,8
BRDA:21,2,0,1
BRDA:21,2,1,7
BRDA:47,3,0,17
BRDA:47,3,1,5
BRDA:49,4,0,15
BRDA:49,4,1,2
BRDA:53,5,0,2
BRDA:53,5,1,15
BRDA:57,6,0,2
BRDA:57,6,1,3
BRDA:58,7,0,1
BRDA:58,7,1,1
BRDA:67,8,0,2
BRDA:67,8,1,1
BRF:18
BRH:18
end_of_record
TN:
SF:src/utils/ruleEngine.ts
FN:3,evaluateRule
FN:12,evaluateComparison
FN:38,evaluateLogical
FN:40,(anonymous_3)
FN:42,(anonymous_4)
FNF:5
FNH:5
FNDA:20,evaluateRule
FNDA:14,evaluateComparison
FNDA:5,evaluateLogical
FNDA:4,(anonymous_3)
FNDA:4,(anonymous_4)
DA:1,1
DA:3,1
DA:4,20
DA:5,14
DA:6,6
DA:7,5
DA:9,1
DA:13,14
DA:14,14
DA:16,14
DA:17,1
DA:20,13
DA:22,5
DA:24,3
DA:26,1
DA:28,1
DA:30,1
DA:32,1
DA:34,1
DA:39,5
DA:40,4
DA:41,3
DA:42,4
DA:44,1
LF:24
LH:24
BRDA:4,0,0,14
BRDA:4,0,1,6
BRDA:6,1,0,5
BRDA:6,1,1,1
BRDA:14,2,0,4
BRDA:14,2,1,10
BRDA:16,3,0,1
BRDA:16,3,1,13
BRDA:16,4,0,14
BRDA:16,4,1,13
BRDA:20,5,0,5
BRDA:20,5,1,3
BRDA:20,5,2,1
BRDA:20,5,3,1
BRDA:20,5,4,1
BRDA:20,5,5,1
BRDA:20,5,6,1
BRDA:39,6,0,2
BRDA:39,6,1,3
BRDA:41,7,0,2
BRDA:41,7,1,1
BRF:21
BRH:21
end_of_record
